app/build/outputs/logs/manifest-merger-release-report.txt
-- Merging decision tree log ---
manifest
ADDED from src\main\AndroidManifest.xml:21:1-246:12
INJECTED from src\main\AndroidManifest.xml:21:1-246:12
INJECTED from src\main\AndroidManifest.xml:21:1-246:12
INJECTED from src\main\AndroidManifest.xml:21:1-246:12
MERGED from [com.yarolegovich:lovely-dialog:1.1.0] AndroidManifest.xml:2:1-12:12
MERGED from [com.android.support:design:27.1.1] AndroidManifest.xml:17:1-22:12
MERGED from [com.android.support:preference-v14:27.1.1] AndroidManifest.xml:17:1-22:12
MERGED from [com.github.paolorotolo:appintro:3.4.0] AndroidManifest.xml:2:1-11:12
MERGED from [com.android.support:preference-v7:27.1.1] AndroidManifest.xml:17:1-22:12
MERGED from [com.android.support:appcompat-v7:27.1.1] AndroidManifest.xml:17:1-22:12
MERGED from [com.android.support:support-v4:27.1.1] AndroidManifest.xml:17:1-22:12
MERGED from [com.getpebble:pebblekit:3.0.0] AndroidManifest.xml:2:1-11:12
MERGED from [com.jakewharton:butterknife:8.0.1] AndroidManifest.xml:2:1-7:12
MERGED from [org.apmem.tools:layouts:1.10] AndroidManifest.xml:2:1-11:12
MERGED from [com.android.support:recyclerview-v7:27.1.1] AndroidManifest.xml:17:1-22:12
MERGED from [com.android.support:transition:27.1.1] AndroidManifest.xml:17:1-22:12
MERGED from [com.android.support:support-fragment:27.1.1] AndroidManifest.xml:17:1-22:12
MERGED from [com.android.support:animated-vector-drawable:27.1.1] AndroidManifest.xml:17:1-22:12
MERGED from [com.android.support:support-core-ui:27.1.1] AndroidManifest.xml:17:1-22:12
MERGED from [com.android.support:support-core-utils:27.1.1] AndroidManifest.xml:17:1-22:12
MERGED from [com.android.support:support-vector-drawable:27.1.1] AndroidManifest.xml:17:1-22:12
MERGED from [com.android.support:support-media-compat:27.1.1] AndroidManifest.xml:17:1-22:12
MERGED from [com.android.support:support-compat:27.1.1] AndroidManifest.xml:17:1-22:12
MERGED from [android.arch.lifecycle:runtime:1.1.0] AndroidManifest.xml:17:1-22:12
MERGED from [android.arch.lifecycle:livedata-core:1.1.0] AndroidManifest.xml:17:1-22:12
MERGED from [android.arch.core:runtime:1.1.0] AndroidManifest.xml:17:1-22:12
MERGED from [android.arch.lifecycle:viewmodel:1.1.0] AndroidManifest.xml:17:1-22:12
INJECTED from src\main\AndroidManifest.xml:21:1-246:12
INJECTED from src\main\AndroidManifest.xml:21:1-246:12
INJECTED from src\main\AndroidManifest.xml:21:1-246:12
	package
		ADDED from src\main\AndroidManifest.xml:22:5-32
		INJECTED from src\main\AndroidManifest.xml
		INJECTED from src\main\AndroidManifest.xml
	android:versionName
		ADDED from src\main\AndroidManifest.xml:25:5-32
		INJECTED from src\main\AndroidManifest.xml
		INJECTED from src\main\AndroidManifest.xml
	xmlns:tools
		ADDED from src\main\AndroidManifest.xml:21:11-57
	xmlns:android
		ADDED from src\main\AndroidManifest.xml:23:5-63
	android:versionCode
		ADDED from src\main\AndroidManifest.xml:24:5-29
		INJECTED from src\main\AndroidManifest.xml
		INJECTED from src\main\AndroidManifest.xml
uses-permission#android.permission.ACCESS_NETWORK_STATE
ADDED from src\main\AndroidManifest.xml:27:5-79
	android:name
		ADDED from src\main\AndroidManifest.xml:27:22-76
uses-permission#android.permission.VIBRATE
ADDED from src\main\AndroidManifest.xml:28:5-65
	android:name
		ADDED from src\main\AndroidManifest.xml:28:22-63
uses-permission#android.permission.INTERNET
ADDED from src\main\AndroidManifest.xml:29:5-66
	android:name
		ADDED from src\main\AndroidManifest.xml:29:22-64
uses-permission#android.permission.READ_EXTERNAL_STORAGE
ADDED from src\main\AndroidManifest.xml:31:5-33:37
	android:maxSdkVersion
		ADDED from src\main\AndroidManifest.xml:33:9-35
	android:name
		ADDED from src\main\AndroidManifest.xml:32:9-64
uses-permission#android.permission.WRITE_EXTERNAL_STORAGE
ADDED from src\main\AndroidManifest.xml:35:5-37:37
	android:maxSdkVersion
		ADDED from src\main\AndroidManifest.xml:37:9-35
	android:name
		ADDED from src\main\AndroidManifest.xml:36:9-65
uses-permission#android.permission.RECEIVE_BOOT_COMPLETED
ADDED from src\main\AndroidManifest.xml:39:5-80
	android:name
		ADDED from src\main\AndroidManifest.xml:39:22-78
application
ADDED from src\main\AndroidManifest.xml:41:5-245:19
	android:backupAgent
		ADDED from src\main\AndroidManifest.xml:44:9-66
	android:supportsRtl
		ADDED from src\main\AndroidManifest.xml:47:9-35
	android:label
		ADDED from src\main\AndroidManifest.xml:46:9-52
	tools:ignore
		ADDED from src\main\AndroidManifest.xml:49:9-48
	android:icon
		ADDED from src\main\AndroidManifest.xml:45:9-41
	android:allowBackup
		ADDED from src\main\AndroidManifest.xml:43:9-35
	android:theme
		ADDED from src\main\AndroidManifest.xml:48:9-44
	android:name
		ADDED from src\main\AndroidManifest.xml:42:9-59
meta-data#com.google.android.backup.api_key
ADDED from src\main\AndroidManifest.xml:51:9-53:81
	android:value
		ADDED from src\main\AndroidManifest.xml:53:13-79
	android:name
		ADDED from src\main\AndroidManifest.xml:52:13-61
activity#org.basim.uhabits.activities.habits.list.ListHabitsActivity
ADDED from src\main\AndroidManifest.xml:55:9-59:45
	android:label
		ADDED from src\main\AndroidManifest.xml:58:13-56
	android:launchMode
		ADDED from src\main\AndroidManifest.xml:59:13-43
	android:exported
		ADDED from src\main\AndroidManifest.xml:57:13-36
	android:name
		ADDED from src\main\AndroidManifest.xml:56:13-87
activity-alias#org.basim.uhabits.MainActivity
ADDED from src\main\AndroidManifest.xml:61:9-67:26
	android:label
		ADDED from src\main\AndroidManifest.xml:63:13-56
	android:launchMode
		ADDED from src\main\AndroidManifest.xml:64:13-43
	android:targetActivity
		ADDED from src\main\AndroidManifest.xml:65:13-97
	android:name
		ADDED from src\main\AndroidManifest.xml:62:13-41
activity#org.basim.uhabits.SplashScreen
ADDED from src\main\AndroidManifest.xml:69:9-75:20
	android:name
		ADDED from src\main\AndroidManifest.xml:70:13-58
intent-filter#action:name:android.intent.action.MAIN+category:name:android.intent.category.LAUNCHER
ADDED from src\main\AndroidManifest.xml:71:13-74:29
	android:label
		ADDED from src\main\AndroidManifest.xml:71:28-60
action#android.intent.action.MAIN
ADDED from src\main\AndroidManifest.xml:72:17-68
	android:name
		ADDED from src\main\AndroidManifest.xml:72:25-66
category#android.intent.category.LAUNCHER
ADDED from src\main\AndroidManifest.xml:73:17-76
	android:name
		ADDED from src\main\AndroidManifest.xml:73:27-74
activity#org.basim.uhabits.activities.habits.show.ShowHabitActivity
ADDED from src\main\AndroidManifest.xml:78:9-84:20
	android:label
		ADDED from src\main\AndroidManifest.xml:80:13-62
	android:name
		ADDED from src\main\AndroidManifest.xml:79:13-86
meta-data#android.support.PARENT_ACTIVITY
ADDED from src\main\AndroidManifest.xml:81:13-83:94
	android:value
		ADDED from src\main\AndroidManifest.xml:83:17-92
	android:name
		ADDED from src\main\AndroidManifest.xml:82:17-63
activity#org.basim.uhabits.activities.settings.SettingsActivity
ADDED from src\main\AndroidManifest.xml:86:9-92:20
	android:label
		ADDED from src\main\AndroidManifest.xml:88:13-45
	android:name
		ADDED from src\main\AndroidManifest.xml:87:13-82
activity#org.basim.uhabits.activities.intro.IntroActivity
ADDED from src\main\AndroidManifest.xml:94:9-97:71
	android:label
		ADDED from src\main\AndroidManifest.xml:96:13-29
	android:theme
		ADDED from src\main\AndroidManifest.xml:97:13-69
	android:name
		ADDED from src\main\AndroidManifest.xml:95:13-76
activity#org.basim.uhabits.widgets.HabitPickerDialog
ADDED from src\main\AndroidManifest.xml:99:9-105:20
	android:theme
		ADDED from src\main\AndroidManifest.xml:101:13-64
	android:name
		ADDED from src\main\AndroidManifest.xml:100:13-71
intent-filter#action:name:android.appwidget.action.APPWIDGET_CONFIGURE
ADDED from src\main\AndroidManifest.xml:102:13-104:29
action#android.appwidget.action.APPWIDGET_CONFIGURE
ADDED from src\main\AndroidManifest.xml:103:17-86
	android:name
		ADDED from src\main\AndroidManifest.xml:103:25-84
activity#org.basim.uhabits.activities.about.AboutActivity
ADDED from src\main\AndroidManifest.xml:107:9-113:20
	android:label
		ADDED from src\main\AndroidManifest.xml:109:13-42
	android:name
		ADDED from src\main\AndroidManifest.xml:108:13-76
receiver#org.basim.uhabits.widgets.CheckmarkWidgetProvider
ADDED from src\main\AndroidManifest.xml:115:9-125:20
	android:label
		ADDED from src\main\AndroidManifest.xml:117:13-46
	android:name
		ADDED from src\main\AndroidManifest.xml:116:13-77
intent-filter#action:name:android.appwidget.action.APPWIDGET_UPDATE
ADDED from src\main\AndroidManifest.xml:118:13-120:29
action#android.appwidget.action.APPWIDGET_UPDATE
ADDED from src\main\AndroidManifest.xml:119:17-83
	android:name
		ADDED from src\main\AndroidManifest.xml:119:25-81
meta-data#android.appwidget.provider
ADDED from src\main\AndroidManifest.xml:122:13-124:64
	android:resource
		ADDED from src\main\AndroidManifest.xml:124:17-62
	android:name
		ADDED from src\main\AndroidManifest.xml:123:17-58
receiver#org.basim.uhabits.widgets.HistoryWidgetProvider
ADDED from src\main\AndroidManifest.xml:127:9-137:20
	android:label
		ADDED from src\main\AndroidManifest.xml:129:13-44
	android:name
		ADDED from src\main\AndroidManifest.xml:128:13-75
receiver#org.basim.uhabits.widgets.ScoreWidgetProvider
ADDED from src\main\AndroidManifest.xml:139:9-149:20
	android:label
		ADDED from src\main\AndroidManifest.xml:141:13-51
	android:name
		ADDED from src\main\AndroidManifest.xml:140:13-73
receiver#org.basim.uhabits.widgets.StreakWidgetProvider
ADDED from src\main\AndroidManifest.xml:151:9-161:20
	android:label
		ADDED from src\main\AndroidManifest.xml:153:13-44
	android:name
		ADDED from src\main\AndroidManifest.xml:152:13-74
receiver#org.basim.uhabits.widgets.FrequencyWidgetProvider
ADDED from src\main\AndroidManifest.xml:163:9-173:20
	android:label
		ADDED from src\main\AndroidManifest.xml:165:13-46
	android:name
		ADDED from src\main\AndroidManifest.xml:164:13-77
receiver#org.basim.uhabits.receivers.ReminderReceiver
ADDED from src\main\AndroidManifest.xml:175:9-179:20
	android:name
		ADDED from src\main\AndroidManifest.xml:175:19-78
intent-filter#action:name:android.intent.action.BOOT_COMPLETED
ADDED from src\main\AndroidManifest.xml:176:13-178:29
action#android.intent.action.BOOT_COMPLETED
ADDED from src\main\AndroidManifest.xml:177:17-78
	android:name
		ADDED from src\main\AndroidManifest.xml:177:25-76
receiver#org.basim.uhabits.receivers.WidgetReceiver
ADDED from src\main\AndroidManifest.xml:181:9-205:20
	android:name
		ADDED from src\main\AndroidManifest.xml:181:19-76
intent-filter#action:name:org.isoron.uhabits.ACTION_TOGGLE_REPETITION+category:name:android.intent.category.DEFAULT+data:host:org.isoron.uhabits+data:scheme:content
ADDED from src\main\AndroidManifest.xml:182:13-188:29
category#android.intent.category.DEFAULT
ADDED from src\main\AndroidManifest.xml:183:17-75
	android:name
		ADDED from src\main\AndroidManifest.xml:183:27-73
action#org.isoron.uhabits.ACTION_TOGGLE_REPETITION
ADDED from src\main\AndroidManifest.xml:184:17-85
	android:name
		ADDED from src\main\AndroidManifest.xml:184:25-83
data
ADDED from src\main\AndroidManifest.xml:185:17-187:47
	android:host
		ADDED from src\main\AndroidManifest.xml:186:21-54
	android:scheme
		ADDED from src\main\AndroidManifest.xml:187:21-45
intent-filter#action:name:org.isoron.uhabits.ACTION_ADD_REPETITION+category:name:android.intent.category.DEFAULT+data:host:org.isoron.uhabits+data:scheme:content
ADDED from src\main\AndroidManifest.xml:190:13-196:29
action#org.isoron.uhabits.ACTION_ADD_REPETITION
ADDED from src\main\AndroidManifest.xml:192:17-82
	android:name
		ADDED from src\main\AndroidManifest.xml:192:25-80
intent-filter#action:name:org.isoron.uhabits.ACTION_REMOVE_REPETITION+category:name:android.intent.category.DEFAULT+data:host:org.isoron.uhabits+data:scheme:content
ADDED from src\main\AndroidManifest.xml:198:13-204:29
action#org.isoron.uhabits.ACTION_REMOVE_REPETITION
ADDED from src\main\AndroidManifest.xml:200:17-85
	android:name
		ADDED from src\main\AndroidManifest.xml:200:25-83
receiver#org.basim.uhabits.receivers.PebbleReceiver
ADDED from src\main\AndroidManifest.xml:208:9-212:20
	android:name
		ADDED from src\main\AndroidManifest.xml:208:19-76
intent-filter#action:name:com.getpebble.action.app.RECEIVE
ADDED from src\main\AndroidManifest.xml:209:13-211:29
action#com.getpebble.action.app.RECEIVE
ADDED from src\main\AndroidManifest.xml:210:17-74
	android:name
		ADDED from src\main\AndroidManifest.xml:210:25-72
activity#org.basim.uhabits.automation.EditSettingActivity
ADDED from src\main\AndroidManifest.xml:215:9-224:20
	android:label
		ADDED from src\main\AndroidManifest.xml:219:13-45
	android:exported
		ADDED from src\main\AndroidManifest.xml:217:13-36
	android:icon
		ADDED from src\main\AndroidManifest.xml:218:13-47
	android:name
		ADDED from src\main\AndroidManifest.xml:216:13-76
intent-filter#action:name:com.twofortyfouram.locale.intent.action.EDIT_SETTING
ADDED from src\main\AndroidManifest.xml:220:13-223:29
action#com.twofortyfouram.locale.intent.action.EDIT_SETTING
ADDED from src\main\AndroidManifest.xml:221:17-222:90
	android:name
		ADDED from src\main\AndroidManifest.xml:222:21-88
receiver#org.basim.uhabits.automation.FireSettingReceiver
ADDED from src\main\AndroidManifest.xml:227:9-233:20
	android:exported
		ADDED from src\main\AndroidManifest.xml:229:13-36
	android:name
		ADDED from src\main\AndroidManifest.xml:228:13-76
intent-filter#action:name:com.twofortyfouram.locale.intent.action.FIRE_SETTING
ADDED from src\main\AndroidManifest.xml:230:13-232:29
action#com.twofortyfouram.locale.intent.action.FIRE_SETTING
ADDED from src\main\AndroidManifest.xml:231:17-94
	android:name
		ADDED from src\main\AndroidManifest.xml:231:25-92
provider#android.support.v4.content.FileProvider
ADDED from src\main\AndroidManifest.xml:235:9-243:20
	android:grantUriPermissions
		ADDED from src\main\AndroidManifest.xml:239:13-47
	android:authorities
		ADDED from src\main\AndroidManifest.xml:237:13-52
	android:exported
		ADDED from src\main\AndroidManifest.xml:238:13-37
	android:name
		ADDED from src\main\AndroidManifest.xml:236:13-67
meta-data#android.support.FILE_PROVIDER_PATHS
ADDED from src\main\AndroidManifest.xml:240:13-242:54
	android:resource
		ADDED from src\main\AndroidManifest.xml:242:17-51
	android:name
		ADDED from src\main\AndroidManifest.xml:241:17-67
uses-sdk
INJECTED from src\main\AndroidManifest.xml reason: use-sdk injection requested
INJECTED from src\main\AndroidManifest.xml
INJECTED from src\main\AndroidManifest.xml
MERGED from [com.yarolegovich:lovely-dialog:1.1.0] AndroidManifest.xml:8:5-10:41
MERGED from [com.yarolegovich:lovely-dialog:1.1.0] AndroidManifest.xml:8:5-10:41
MERGED from [com.android.support:design:27.1.1] AndroidManifest.xml:20:5-44
MERGED from [com.android.support:design:27.1.1] AndroidManifest.xml:20:5-44
MERGED from [com.android.support:preference-v14:27.1.1] AndroidManifest.xml:20:5-44
MERGED from [com.android.support:preference-v14:27.1.1] AndroidManifest.xml:20:5-44
MERGED from [com.github.paolorotolo:appintro:3.4.0] AndroidManifest.xml:7:5-9:41
MERGED from [com.github.paolorotolo:appintro:3.4.0] AndroidManifest.xml:7:5-9:41
MERGED from [com.android.support:preference-v7:27.1.1] AndroidManifest.xml:20:5-44
MERGED from [com.android.support:preference-v7:27.1.1] AndroidManifest.xml:20:5-44
MERGED from [com.android.support:appcompat-v7:27.1.1] AndroidManifest.xml:20:5-44
MERGED from [com.android.support:appcompat-v7:27.1.1] AndroidManifest.xml:20:5-44
MERGED from [com.android.support:support-v4:27.1.1] AndroidManifest.xml:20:5-44
MERGED from [com.android.support:support-v4:27.1.1] AndroidManifest.xml:20:5-44
MERGED from [com.getpebble:pebblekit:3.0.0] AndroidManifest.xml:7:5-9:41
MERGED from [com.getpebble:pebblekit:3.0.0] AndroidManifest.xml:7:5-9:41
MERGED from [com.jakewharton:butterknife:8.0.1] AndroidManifest.xml:5:5-43
MERGED from [com.jakewharton:butterknife:8.0.1] AndroidManifest.xml:5:5-43
MERGED from [org.apmem.tools:layouts:1.10] AndroidManifest.xml:7:5-9:41
MERGED from [org.apmem.tools:layouts:1.10] AndroidManifest.xml:7:5-9:41
MERGED from [com.android.support:recyclerview-v7:27.1.1] AndroidManifest.xml:20:5-44
MERGED from [com.android.support:recyclerview-v7:27.1.1] AndroidManifest.xml:20:5-44
MERGED from [com.android.support:transition:27.1.1] AndroidManifest.xml:20:5-44
MERGED from [com.android.support:transition:27.1.1] AndroidManifest.xml:20:5-44
MERGED from [com.android.support:support-fragment:27.1.1] AndroidManifest.xml:20:5-44
MERGED from [com.android.support:support-fragment:27.1.1] AndroidManifest.xml:20:5-44
MERGED from [com.android.support:animated-vector-drawable:27.1.1] AndroidManifest.xml:20:5-44
MERGED from [com.android.support:animated-vector-drawable:27.1.1] AndroidManifest.xml:20:5-44
MERGED from [com.android.support:support-core-ui:27.1.1] AndroidManifest.xml:20:5-44
MERGED from [com.android.support:support-core-ui:27.1.1] AndroidManifest.xml:20:5-44
MERGED from [com.android.support:support-core-utils:27.1.1] AndroidManifest.xml:20:5-44
MERGED from [com.android.support:support-core-utils:27.1.1] AndroidManifest.xml:20:5-44
MERGED from [com.android.support:support-vector-drawable:27.1.1] AndroidManifest.xml:20:5-44
MERGED from [com.android.support:support-vector-drawable:27.1.1] AndroidManifest.xml:20:5-44
MERGED from [com.android.support:support-media-compat:27.1.1] AndroidManifest.xml:20:5-44
MERGED from [com.android.support:support-media-compat:27.1.1] AndroidManifest.xml:20:5-44
MERGED from [com.android.support:support-compat:27.1.1] AndroidManifest.xml:20:5-44
MERGED from [com.android.support:support-compat:27.1.1] AndroidManifest.xml:20:5-44
MERGED from [android.arch.lifecycle:runtime:1.1.0] AndroidManifest.xml:20:5-44
MERGED from [android.arch.lifecycle:runtime:1.1.0] AndroidManifest.xml:20:5-44
MERGED from [android.arch.lifecycle:livedata-core:1.1.0] AndroidManifest.xml:20:5-44
MERGED from [android.arch.lifecycle:livedata-core:1.1.0] AndroidManifest.xml:20:5-44
MERGED from [android.arch.core:runtime:1.1.0] AndroidManifest.xml:20:5-44
MERGED from [android.arch.core:runtime:1.1.0] AndroidManifest.xml:20:5-44
MERGED from [android.arch.lifecycle:viewmodel:1.1.0] AndroidManifest.xml:20:5-44
MERGED from [android.arch.lifecycle:viewmodel:1.1.0] AndroidManifest.xml:20:5-44
INJECTED from src\main\AndroidManifest.xml
INJECTED from src\main\AndroidManifest.xml
	android:targetSdkVersion
		INJECTED from src\main\AndroidManifest.xml
		ADDED from src\main\AndroidManifest.xml
		INJECTED from src\main\AndroidManifest.xml
	android:minSdkVersion
		INJECTED from src\main\AndroidManifest.xml
		ADDED from src\main\AndroidManifest.xml
		INJECTED from src\main\AndroidManifest.xml